15:04:27,514 INFO  [org.jboss.modules] JBoss Modules version 1.1.1.GA
15:04:29,572 INFO  [org.jboss.msc] JBoss MSC version 1.0.2.GA
15:04:29,728 INFO  [org.jboss.as] JBAS015899: JBoss AS 7.1.1.Final "Brontes" starting
15:04:29,736 DEBUG [org.jboss.as.config] Configured system properties:
	awt.toolkit = sun.lwawt.macosx.LWCToolkit
	file.encoding = UTF-8
	file.encoding.pkg = sun.io
	file.separator = /
	ftp.nonProxyHosts = local|*.local|169.254/16|*.169.254/16
	gopherProxySet = false
	http.nonProxyHosts = local|*.local|169.254/16|*.169.254/16
	java.awt.graphicsenv = sun.awt.CGraphicsEnvironment
	java.awt.headless = true
	java.awt.printerjob = sun.lwawt.macosx.CPrinterJob
	java.class.path = /Users/amit/Documents/Softwares/jboss-as-7.1.1.Final/jboss-modules.jar
	java.class.version = 51.0
	java.endorsed.dirs = /Library/Java/JavaVirtualMachines/jdk1.7.0_79.jdk/Contents/Home/jre/lib/endorsed
	java.ext.dirs = /Users/amit/Library/Java/Extensions:/Library/Java/JavaVirtualMachines/jdk1.7.0_79.jdk/Contents/Home/jre/lib/ext:/Library/Java/Extensions:/Network/Library/Java/Extensions:/System/Library/Java/Extensions:/usr/lib/java
	java.home = /Library/Java/JavaVirtualMachines/jdk1.7.0_79.jdk/Contents/Home/jre
	java.io.tmpdir = /var/folders/b_/4p7z6kh90gq48scfq5qtjwwr0000gn/T/
	java.library.path = /Users/amit/Library/Java/Extensions:/Library/Java/Extensions:/Network/Library/Java/Extensions:/System/Library/Java/Extensions:/usr/lib/java:.
	java.net.preferIPv4Stack = true
	java.runtime.name = Java(TM) SE Runtime Environment
	java.runtime.version = 1.7.0_79-b15
	java.specification.name = Java Platform API Specification
	java.specification.vendor = Oracle Corporation
	java.specification.version = 1.7
	java.util.logging.manager = org.jboss.logmanager.LogManager
	java.vendor = Oracle Corporation
	java.vendor.url = http://java.oracle.com/
	java.vendor.url.bug = http://bugreport.sun.com/bugreport/
	java.version = 1.7.0_79
	java.vm.info = mixed mode
	java.vm.name = Java HotSpot(TM) 64-Bit Server VM
	java.vm.specification.name = Java Virtual Machine Specification
	java.vm.specification.vendor = Oracle Corporation
	java.vm.specification.version = 1.7
	java.vm.vendor = Oracle Corporation
	java.vm.version = 24.79-b02
	javax.management.builder.initial = org.jboss.as.jmx.PluggableMBeanServerBuilder
	javax.xml.datatype.DatatypeFactory = __redirected.__DatatypeFactory
	javax.xml.parsers.DocumentBuilderFactory = __redirected.__DocumentBuilderFactory
	javax.xml.parsers.SAXParserFactory = __redirected.__SAXParserFactory
	javax.xml.stream.XMLEventFactory = __redirected.__XMLEventFactory
	javax.xml.stream.XMLInputFactory = __redirected.__XMLInputFactory
	javax.xml.stream.XMLOutputFactory = __redirected.__XMLOutputFactory
	javax.xml.transform.TransformerFactory = __redirected.__TransformerFactory
	javax.xml.validation.SchemaFactory:http://www.w3.org/2001/XMLSchema = __redirected.__SchemaFactory
	javax.xml.xpath.XPathFactory:http://java.sun.com/jaxp/xpath/dom = __redirected.__XPathFactory
	jboss.bind.address = localhost
	jboss.bind.address.management = localhost
	jboss.home.dir = /Users/amit/Documents/Softwares/jboss-as-7.1.1.Final
	jboss.host.name = amits-air
	jboss.modules.dir = /Users/amit/Documents/Softwares/jboss-as-7.1.1.Final/modules
	jboss.modules.system.pkgs = org.jboss.byteman
	jboss.node.name = amits-air
	jboss.qualified.host.name = amits-air
	jboss.server.base.dir = /Users/amit/Documents/Softwares/jboss-as-7.1.1.Final/standalone
	jboss.server.config.dir = /Users/amit/Documents/Softwares/jboss-as-7.1.1.Final/standalone/configuration
	jboss.server.data.dir = /Users/amit/Documents/Softwares/jboss-as-7.1.1.Final/standalone/data
	jboss.server.deploy.dir = /Users/amit/Documents/Softwares/jboss-as-7.1.1.Final/standalone/data/content
	jboss.server.log.dir = /Users/amit/Documents/Softwares/jboss-as-7.1.1.Final/standalone/log
	jboss.server.name = amits-air
	jboss.server.temp.dir = /Users/amit/Documents/Softwares/jboss-as-7.1.1.Final/standalone/tmp
	line.separator = 

	logging.configuration = file:/Users/amit/Documents/Softwares/jboss-as-7.1.1.Final/standalone/configuration/logging.properties
	module.path = /Users/amit/Documents/Softwares/jboss-as-7.1.1.Final/modules
	org.jboss.boot.log.file = /Users/amit/Documents/Softwares/jboss-as-7.1.1.Final/standalone/log/boot.log
	org.jboss.resolver.warning = true
	org.xml.sax.driver = __redirected.__XMLReaderFactory
	os.arch = x86_64
	os.name = Mac OS X
	os.version = 10.11.5
	path.separator = :
	program.name = JBossTools: JBoss AS 7.1
	socksNonProxyHosts = local|*.local|169.254/16|*.169.254/16
	sun.arch.data.model = 64
	sun.boot.class.path = /Library/Java/JavaVirtualMachines/jdk1.7.0_79.jdk/Contents/Home/jre/lib/resources.jar:/Library/Java/JavaVirtualMachines/jdk1.7.0_79.jdk/Contents/Home/jre/lib/rt.jar:/Library/Java/JavaVirtualMachines/jdk1.7.0_79.jdk/Contents/Home/jre/lib/sunrsasign.jar:/Library/Java/JavaVirtualMachines/jdk1.7.0_79.jdk/Contents/Home/jre/lib/jsse.jar:/Library/Java/JavaVirtualMachines/jdk1.7.0_79.jdk/Contents/Home/jre/lib/jce.jar:/Library/Java/JavaVirtualMachines/jdk1.7.0_79.jdk/Contents/Home/jre/lib/charsets.jar:/Library/Java/JavaVirtualMachines/jdk1.7.0_79.jdk/Contents/Home/jre/lib/jfr.jar:/Library/Java/JavaVirtualMachines/jdk1.7.0_79.jdk/Contents/Home/jre/classes
	sun.boot.library.path = /Library/Java/JavaVirtualMachines/jdk1.7.0_79.jdk/Contents/Home/jre/lib
	sun.cpu.endian = little
	sun.cpu.isalist = 
	sun.io.unicode.encoding = UnicodeBig
	sun.java.command = org.jboss.modules.Main -mp /Users/amit/Documents/Softwares/jboss-as-7.1.1.Final/modules -jaxpmodule javax.xml.jaxp-provider -jaxpmodule javax.xml.jaxp-provider org.jboss.as.standalone -b localhost --server-config=standalone.xml -Djboss.server.base.dir=/Users/amit/Documents/Softwares/jboss-as-7.1.1.Final/standalone
	sun.java.launcher = SUN_STANDARD
	sun.jnu.encoding = UTF-8
	sun.management.compiler = HotSpot 64-Bit Tiered Compilers
	sun.os.patch.level = unknown
	sun.rmi.dgc.client.gcInterval = 3600000
	sun.rmi.dgc.server.gcInterval = 3600000
	user.country = US
	user.country.format = IN
	user.dir = /Users/amit/Documents/Softwares/jboss-as-7.1.1.Final/bin
	user.home = /Users/amit
	user.language = en
	user.name = amit
	user.timezone = Asia/Kolkata
15:04:29,752 DEBUG [org.jboss.as.config] VM Arguments: -Dprogram.name=JBossTools: JBoss AS 7.1 -Xms64m -Xmx512m -XX:MaxPermSize=256m -Dorg.jboss.resolver.warning=true -Djava.net.preferIPv4Stack=true -Dsun.rmi.dgc.client.gcInterval=3600000 -Dsun.rmi.dgc.server.gcInterval=3600000 -Djboss.modules.system.pkgs=org.jboss.byteman -Djava.awt.headless=true -Dorg.jboss.boot.log.file=/Users/amit/Documents/Softwares/jboss-as-7.1.1.Final/standalone/log/boot.log -Dlogging.configuration=file:/Users/amit/Documents/Softwares/jboss-as-7.1.1.Final/standalone/configuration/logging.properties -Djboss.home.dir=/Users/amit/Documents/Softwares/jboss-as-7.1.1.Final -Djboss.bind.address.management=localhost -Dfile.encoding=UTF-8 
15:04:32,061 INFO  [org.jboss.as.server] JBAS015888: Creating http management service using socket-binding (management-http)
15:04:32,064 INFO  [org.xnio] XNIO Version 3.0.3.GA
15:04:32,110 INFO  [org.xnio.nio] XNIO NIO Implementation Version 3.0.3.GA
15:04:32,140 INFO  [org.jboss.as.logging] JBAS011502: Removing bootstrap log handlers
15:05:30,696 INFO  [org.jboss.as.logging] JBAS011503: Restored bootstrap log handlers
15:05:30,697 INFO  [org.apache.coyote.http11.Http11Protocol] Pausing Coyote HTTP/1.1 on http-localhost-127.0.0.1-8080
15:05:30,705 INFO  [org.apache.coyote.http11.Http11Protocol] Stopping Coyote HTTP/1.1 on http-localhost-127.0.0.1-8080
15:05:30,711 INFO  [org.apache.catalina.core.StandardContext] Container org.apache.catalina.core.ContainerBase.[jboss.web].[default-host].[/] has not been started
15:05:30,711 INFO  [com.arjuna.ats.jbossatx] ARJUNA032018: Destroying TransactionManagerService
15:05:30,718 INFO  [com.arjuna.ats.jbossatx] ARJUNA032014: Stopping transaction recovery manager
15:05:30,726 INFO  [org.jboss.as] JBAS015950: JBoss AS 7.1.1.Final "Brontes" stopped in 38ms
